<?xml version="1.0" encoding="UTF-8"?>
<!-- Generated by org.testng.reporters.JUnitReportReporter -->
<testsuite hostname="LENOVO-PC" name="pac1.TestA" tests="1" failures="0" timestamp="5 Dec 2018 11:27:30 GMT" time="0.014" errors="0">
  <testcase name="A" time="0.014" classname="pac1.TestA"/>
</testsuite> <!-- pac1.TestA -->
