<?xml version="1.0" encoding="UTF-8"?>
<!-- Generated by org.testng.reporters.JUnitReportReporter -->
<testsuite hostname="LENOVO-PC" name="Testng1.AppTest" tests="1" failures="0" timestamp="4 Dec 2018 14:38:39 GMT" time="0.020" errors="0">
  <testcase name="Login" time="0.020" classname="Testng1.AppTest"/>
</testsuite>
